iMPACT Version: Feb 12 2010 23:23:05

iMPACT log file Started on Tue Mar 23 23:51:57 2010

Preference Table
Name                 Setting             
StartupClock         Auto_Correction     
AutoSignature        False               
KeepSVF              False               
ConcurrentMode       False               
UseHighz             False               
ConfigOnFailure      Stop                
UserLevel            Novice              
MessageLevel         Detailed            
svfUseTime           false               
SpiByteSwap          Auto_Correction     
AutoDetecting cable. Please wait.
Reusing A0002004 key.
Reusing 24002004 key.
Connecting to cable (Usb Port - USB21).
Checking cable driver.
File version of /opt/Xilinx/11.4/ISE/bin/lin64/xusbdfwu.hex = 1030.
File version of /usr/share/xusbdfwu.hex = 1030.
 Using libusb.
 Kernel release = 2.6.32.9-70.fc12.x86_64.
 Max current requested during enumeration is 300 mA.
Type = 0x0005.
write (count, cmdBuffer, dataBuffer) failed 20000020.
 Cable Type = 3, Revision = 0.
 Setting cable speed to 6 MHz.
Cable connection established.
Firmware version = 2300.
File version of /opt/Xilinx/11.4/ISE/data/xusb_xp2.hex = 2401.
Firmware hex file version = 2401.
Downloading /opt/Xilinx/11.4/ISE/data/xusb_xp2.hex.
Downloaded firmware version = 2401.
PLD file version = 200Dh.
 PLD version = 200Dh.
Identifying chain contents...'0': : Manufacturer's ID = Xilinx xc5vfx70t, Version : 6
INFO:iMPACT:1777 - 
   Reading /opt/Xilinx/11.4/ISE/virtex5/data/xc5vfx70t.bsd...
INFO:iMPACT:501 - '1': Added Device xc5vfx70t successfully.
----------------------------------------------------------------------
----------------------------------------------------------------------
'1': : Manufacturer's ID = Xilinx xccace, Version : 0
INFO:iMPACT:1777 - 
   Reading /opt/Xilinx/11.4/ISE/acecf/data/xccace.bsd...
INFO:iMPACT:501 - '1': Added Device xccace successfully.
----------------------------------------------------------------------
----------------------------------------------------------------------
'2': : Manufacturer's ID = Xilinx xc95144xl, Version : 5
INFO:iMPACT:1777 - 
   Reading /opt/Xilinx/11.4/ISE/xc9500xl/data/xc95144xl.bsd...
INFO:iMPACT:501 - '1': Added Device xc95144xl successfully.
----------------------------------------------------------------------
----------------------------------------------------------------------
'3': : Manufacturer's ID = Xilinx xcf32p, Version : 15
INFO:iMPACT:1777 - 
   Reading /opt/Xilinx/11.4/ISE/xcfp/data/xcf32p.bsd...
INFO:iMPACT:501 - '1': Added Device xcf32p successfully.
----------------------------------------------------------------------
----------------------------------------------------------------------
'4': : Manufacturer's ID = Xilinx xcf32p, Version : 15
INFO:iMPACT:501 - '1': Added Device xcf32p successfully.
----------------------------------------------------------------------
----------------------------------------------------------------------
done.
Elapsed time =      0 sec.
Elapsed time =      0 sec.
'5': Loading file 'implementation/download.bit' ...
done.
UserID read from the bitstream file = 0xFFFFFFFF.
----------------------------------------------------------------------
INFO:iMPACT:501 - '5': Added Device xc5vfx70t successfully.
----------------------------------------------------------------------
----------------------------------------------------------------------
Maximum TCK operating frequency for this device chain: 10000000.
Validating chain...
Boundary-scan chain validated successfully.
5: Device Temperature: Current Reading:   35.61 C, Min. Reading:   28.23 C, Max.Reading:   35.61 C
5: VCCINT Supply: Current Reading:   0.996 V, Min. Reading:   0.996 V, Max.Reading:   1.002 V
5: VCCAUX Supply: Current Reading:   2.479 V, Min. Reading:   2.479 V, Max.Reading:   2.487 V
'5': Programming device...
 Match_cycle = 2.
done.
INFO:iMPACT:2219 - Status register values:
INFO:iMPACT - 0011 1111 1011 1110 0000 1011 1000 0000 
INFO:iMPACT:579 - '5': Completed downloading bit file to device.
INFO:iMPACT - '5': Programing completed successfully.
 Match_cycle = 2.
INFO:iMPACT - '5': Checking done pin....done.
'5': Programmed successfully.
Elapsed time =     10 sec.
----------------------------------------------------------------------
----------------------------------------------------------------------
----------------------------------------------------------------------
----------------------------------------------------------------------
----------------------------------------------------------------------
----------------------------------------------------------------------
----------------------------------------------------------------------
----------------------------------------------------------------------
