Xilinx Platform Studio (XPS)
Xilinx EDK 11.5 Build EDK_LS5.70

Copyright (c) 1995-2009 Xilinx, Inc.  All rights reserved.

WARNING:EDK:1557 - IPNAME:ppc440mc_ddr2 INSTANCE:DDR2_SDRAM - /home/aalonso/workspace/ppc44x/xlnx/xilinx-ml507/system.mhs line 218 - PARAMETER C_DQ_BITS has value 8 specified in MHS, but tcl is overriding the value to 6

Generating Block Diagram to Buffer 

Generated Block Diagram SVG

At Local date and time: Wed Mar 24 17:42:21 2010
 make -f system.make TestApp_xps_tft_colorbar_programclean started...

rm -f TestApp_xps_tft_colorbar/executable.elf 


Done!

At Local date and time: Wed Mar 24 17:42:28 2010
 make -f system.make TestApp_xps_tft_colorbar_program started...

powerpc-eabi-gcc -O2 TestApp_xps_tft_colorbar/src/xtft_tapp_colorbar.c  -o TestApp_xps_tft_colorbar/executable.elf \
	    -mcpu=440  -Wl,-T -Wl,TestApp_xps_tft_colorbar/src/xtft_tapp_LinkSrc.ld  -g    -I./ppc440_0/include/  -L./ppc440_0/lib/  \
	  
TestApp_xps_tft_colorbar/src/xtft_tapp_colorbar.c: In function ‘main’:
TestApp_xps_tft_colorbar/src/xtft_tapp_colorbar.c:120: error: ‘FrameBufPrt’ undeclared (first use in this function)
TestApp_xps_tft_colorbar/src/xtft_tapp_colorbar.c:120: error: (Each undeclared identifier is reported only once
TestApp_xps_tft_colorbar/src/xtft_tapp_colorbar.c:120: error: for each function it appears in.)
make: *** [TestApp_xps_tft_colorbar/executable.elf] Error 1



Done!

At Local date and time: Wed Mar 24 17:57:03 2010
 make -f system.make TestApp_xps_tft_colorbar_programclean started...

rm -f TestApp_xps_tft_colorbar/executable.elf 


Done!

At Local date and time: Wed Mar 24 17:57:15 2010
 make -f system.make TestApp_xps_tft_colorbar_program started...

powerpc-eabi-gcc -O2 TestApp_xps_tft_colorbar/src/xtft_tapp_colorbar.c  -o TestApp_xps_tft_colorbar/executable.elf \
	    -mcpu=440  -Wl,-T -Wl,TestApp_xps_tft_colorbar/src/xtft_tapp_LinkSrc.ld  -g    -I./ppc440_0/include/  -L./ppc440_0/lib/  \
	  
TestApp_xps_tft_colorbar/src/xtft_tapp_colorbar.c: In function ‘main’:
TestApp_xps_tft_colorbar/src/xtft_tapp_colorbar.c:128: error: ‘FrameBufPrt’ undeclared (first use in this function)
TestApp_xps_tft_colorbar/src/xtft_tapp_colorbar.c:128: error: (Each undeclared identifier is reported only once
TestApp_xps_tft_colorbar/src/xtft_tapp_colorbar.c:128: error: for each function it appears in.)
make: *** [TestApp_xps_tft_colorbar/executable.elf] Error 1



Done!

At Local date and time: Wed Mar 24 17:59:04 2010
 make -f system.make TestApp_xps_tft_colorbar_program started...

powerpc-eabi-gcc -O2 TestApp_xps_tft_colorbar/src/xtft_tapp_colorbar.c  -o TestApp_xps_tft_colorbar/executable.elf \
	    -mcpu=440  -Wl,-T -Wl,TestApp_xps_tft_colorbar/src/xtft_tapp_LinkSrc.ld  -g    -I./ppc440_0/include/  -L./ppc440_0/lib/  \
	  
powerpc-eabi-size TestApp_xps_tft_colorbar/executable.elf 
   text	   data	    bss	    dec	    hex	filename
  55231	   2616	  16544	  74391	  12297	TestApp_xps_tft_colorbar/executable.elf


Done!

At Local date and time: Wed Mar 24 18:00:10 2010
 make -f system.make download started...

*********************************************
Downloading Bitstream onto the target board
*********************************************
impact -batch etc/download.cmd
Release 11.5 - iMPACT L.70 (lin64)
Copyright (c) 1995-2009 Xilinx, Inc.  All rights reserved.
Preference Table
Name                 Setting             
StartupClock         Auto_Correction     
AutoSignature        False               
KeepSVF              False               
ConcurrentMode       False               
UseHighz             False               
ConfigOnFailure      Stop                
UserLevel            Novice              
MessageLevel         Detailed            
svfUseTime           false               
SpiByteSwap          Auto_Correction     
AutoDetecting cable. Please wait.
Reusing A0002004 key.
Reusing 24002004 key.
Connecting to cable (Usb Port - USB21).
Checking cable driver.
File version of /opt/Xilinx/11.4/ISE/bin/lin64/xusbdfwu.hex = 1030.
File version of /usr/share/xusbdfwu.hex = 1030.
 Using libusb.
 Kernel release = 2.6.32.9-70.fc12.x86_64.
 Max current requested during enumeration is 300 mA.
Type = 0x0005.
 Cable Type = 3, Revision = 0.
 Setting cable speed to 6 MHz.
Cable connection established.
Firmware version = 2401.
File version of /opt/Xilinx/11.4/ISE/data/xusb_xp2.hex = 2401.
Firmware hex file version = 2401.
PLD file version = 200Dh.
 PLD version = 200Dh.
Identifying chain contents...
'0': : Manufacturer's ID = Xilinx xc5vfx70t, Version : 6
I
NFO:iMPACT:1777 - 
   Reading /opt/Xilinx/11.4/ISE/virtex5/data/xc5vfx70t.bsd...

I
N
----------------------------------------------------------------------
----------------------------------------------------------------------
'1': : Manufacturer's ID = Xilinx xccace, Version : 0
FO:iMPACT:501 - '1': Added Device xc5vfx70t successfully.

I
N
FO:iMPACT:1777 - 
   Reading /opt/Xilinx/11.4/ISE/acecf/data/xccace.bsd...

INFO:iMPACT:501 - '1': Added Device xccace su
----------------------------------------------------------------------
----------------------------------------------------------------------
'2': : Manufacturer's ID = Xilinx xc95144xl, Version : 5
ccessfully.

INFO:iMPACT:1777 - 
   Reading /opt/Xilinx/11.4/ISE/xc9500xl/data/xc95144xl.bsd...

----------------------------------------------------------------------
----------------------------------------------------------------------
'3': : Manufacturer's ID = Xilinx xcf32p, Version : 15
----------------------------------------------------------------------
----------------------------------------------------------------------
'4': : Manufacturer's ID = Xilinx xcf32p, Version : 15
----------------------------------------------------------------------
----------------------------------------------------------------------
done.
Elapsed time =      0 sec.
Elapsed time =      0 sec.
'5': Loading file 'implementation/download.bit' ...
INFO:iMPACT:501 - '1': Added Device xc95144xl successfully.
INFO:iMPACT:1777 - 
   Reading /opt/Xilinx/11.4/ISE/xcfp/data/xcf32p.bsd...
INFO:iMPACT:501 - '1': Added Device xcf32p successfully.
INFO:iMPACT:501 - '1': Added Device xcf32p successfully.

done.
UserID read from the bitstream file = 0xFFFFFFFF.
----------------------------------------------------------------------
I
N
----------------------------------------------------------------------
----------------------------------------------------------------------
Maximum TCK operating frequency for this device chain: 10000000.
Validating chain...
Boundary-scan chain validated successfully.
FO:iMPACT:501 - '5': Added Device xc5vfx70t successfully.

5: Device Temperature: Current Reading:   35.61 C, Min. Reading:   29.21 C, Max.
Reading:   35.61 C
5: VCCINT Supply: Current Reading:   0.996 V, Min. Reading:   0.993 V, Max.
Reading:   1.002 V
5: VCCAUX Supply: Current Reading:   2.479 V, Min. Reading:   2.479 V, Max.
Reading:   2.487 V
'5': Programming device...
 Match_cycle = 2.
done.
 Match_cycle = 2.
'5': Programmed successfully.
Elapsed time =     10 sec.
INFO:iMPACT:2219 - Status register values:
INFO:iMPACT - 0011 1111 1011 1110 0000 1011 1000 0000 
INFO:iMPACT:579 - '5': Completed downloading bit file to device.
INFO:iMPACT - '5': Programing completed successfully.
INFO:iMPACT - '5': Checking done pin....done.

----------------------------------------------------------------------
----------------------------------------------------------------------
----------------------------------------------------------------------
----------------------------------------------------------------------
----------------------------------------------------------------------
----------------------------------------------------------------------
----------------------------------------------------------------------
----------------------------------------------------------------------


Done!

xterm -e xmd -xmp system.xmp -opt etc/xmd_ppc440_0.opt&

WARNING:EDK:1557 - IPNAME:ppc440mc_ddr2 INSTANCE:DDR2_SDRAM - /home/aalonso/workspace/ppc44x/xlnx/xilinx-ml507/system.mhs line 218 - PARAMETER C_DQ_BITS has value 8 specified in MHS, but tcl is overriding the value to 6

At Local date and time: Wed Mar 24 18:01:47 2010
 make -f system.make TestApp_xps_tft_colorbar_programclean started...

rm -f TestApp_xps_tft_colorbar/executable.elf 


Done!

At Local date and time: Wed Mar 24 18:01:53 2010
 make -f system.make TestApp_xps_tft_colorbar_program started...

powerpc-eabi-gcc -O2 TestApp_xps_tft_colorbar/src/xtft_tapp_colorbar.c  -o TestApp_xps_tft_colorbar/executable.elf \
	    -mcpu=440   -g    -I./ppc440_0/include/  -L./ppc440_0/lib/  \
	  
/opt/Xilinx/11.4/EDK/gnu/powerpc-eabi/lin64/bin/../lib/gcc/powerpc-eabi/4.1.1/../../../../powerpc-eabi/lib/440/xilinx440.ld:272 cannot move location counter backwards (from fffff200 to 00000200)
collect2: ld returned 1 exit status
make: *** [TestApp_xps_tft_colorbar/executable.elf] Error 1



Done!

At Local date and time: Wed Mar 24 18:04:40 2010
 make -f system.make TestApp_xps_tft_colorbar_programclean started...

rm -f TestApp_xps_tft_colorbar/executable.elf 


Done!

At Local date and time: Wed Mar 24 18:04:44 2010
 make -f system.make TestApp_xps_tft_colorbar_program started...

powerpc-eabi-gcc -O2 TestApp_xps_tft_colorbar/src/xtft_tapp_colorbar.c  -o TestApp_xps_tft_colorbar/executable.elf \
	    -mcpu=440   -g    -I./ppc440_0/include/  -L./ppc440_0/lib/  \
	  
/opt/Xilinx/11.4/EDK/gnu/powerpc-eabi/lin64/bin/../lib/gcc/powerpc-eabi/4.1.1/../../../../powerpc-eabi/lib/440/xilinx440.ld:272 cannot move location counter backwards (from fffff200 to 00000200)
collect2: ld returned 1 exit status
make: *** [TestApp_xps_tft_colorbar/executable.elf] Error 1



Done!

WARNING:EDK:1557 - IPNAME:ppc440mc_ddr2 INSTANCE:DDR2_SDRAM - /home/aalonso/workspace/ppc44x/xlnx/xilinx-ml507/system.mhs line 218 - PARAMETER C_DQ_BITS has value 8 specified in MHS, but tcl is overriding the value to 6

WARNING:EDK:1557 - IPNAME:ppc440mc_ddr2 INSTANCE:DDR2_SDRAM - /home/aalonso/workspace/ppc44x/xlnx/xilinx-ml507/system.mhs line 218 - PARAMETER C_DQ_BITS has value 8 specified in MHS, but tcl is overriding the value to 6

Save project successfully

Writing filter settings....

Done writing filter settings to:
	/home/aalonso/workspace/ppc44x/xlnx/xilinx-ml507/__xps/system.filters

Done writing Tab View settings to:
	/home/aalonso/workspace/ppc44x/xlnx/xilinx-ml507/__xps/system.gui

Xilinx Platform Studio (XPS)
Xilinx EDK 11.5 Build EDK_LS5.70

Copyright (c) 1995-2009 Xilinx, Inc.  All rights reserved.

WARNING:EDK:1557 - IPNAME:ppc440mc_ddr2 INSTANCE:DDR2_SDRAM - /home/aalonso/workspace/ppc44x/xlnx/xilinx-ml507/system.mhs line 218 - PARAMETER C_DQ_BITS has value 8 specified in MHS, but tcl is overriding the value to 6

Generating Block Diagram to Buffer 

Generated Block Diagram SVG

At Local date and time: Thu Mar 25 10:26:20 2010
 make -f system.make download started...

*********************************************
Downloading Bitstream onto the target board
*********************************************
impact -batch etc/download.cmd
Release 11.5 - iMPACT L.70 (lin64)
Copyright (c) 1995-2009 Xilinx, Inc.  All rights reserved.
Preference Table
Name                 Setting             
StartupClock         Auto_Correction     
AutoSignature        False               
KeepSVF              False               
ConcurrentMode       False               
UseHighz             False               
ConfigOnFailure      Stop                
UserLevel            Novice              
MessageLevel         Detailed            
svfUseTime           false               
SpiByteSwap          Auto_Correction     
AutoDetecting cable. Please wait.
Connecting to cable (Usb Port - USB21).
Checking cable driver.
File version of /opt/Xilinx/11.4/ISE/bin/lin64/xusbdfwu.hex = 1030.
File version of /usr/share/xusbdfwu.hex = 1030.
 Using libusb.
 Kernel release = 2.6.32.9-70.fc12.x86_64.
 Max current requested during enumeration is 300 mA.
Type = 0x0005.
control tranfer failed.
write (count, cmdBuffer, dataBuffer) failed 20000020.
 Cable Type = 3, Revision = 0.
 Setting cable speed to 6 MHz.
Cable connection established.
Firmware version = 2300.
File version of /opt/Xilinx/11.4/ISE/data/xusb_xp2.hex = 2401.
Firmware hex file version = 2401.
Downloading /opt/Xilinx/11.4/ISE/data/xusb_xp2.hex.
Downloaded firmware version = 2401.
PLD file version = 200Dh.
 PLD version = 200Dh.
Identifying chain contents...
'0': : Manufacturer's ID = Xilinx xc5vfx70t, Version : 6
I
NFO:iMPACT:1777 - 
   Reading /opt/Xilinx/11.4/ISE/virtex5/data/xc5vfx70t.bsd...

I
N
----------------------------------------------------------------------
----------------------------------------------------------------------
'1': : Manufacturer's ID = Xilinx xccace, Version : 0
FO:iMPACT:501 - '1': Added Device xc5vfx70t successfully.

INFO:iMPACT:1777 - 
   Reading /opt/Xilinx/11.4/ISE/acecf/data/xccace.bsd...

I
----------------------------------------------------------------------
----------------------------------------------------------------------
'2': : Manufacturer's ID = Xilinx xc95144xl, Version : 5
NFO:iMPACT:501 - '1': Added Device xccace successfully.

INFO:iMPACT:1777 - 
   Reading /opt/Xilinx/11.4/ISE/xc9500xl/data/xc95144xl.bsd...

INFO:iMPACT:501 - '1': Added Device xc95144xl successfully.

----------------------------------------------------------------------
----------------------------------------------------------------------
'3': : Manufacturer's ID = Xilinx xcf32p, Version : 15
I
NFO:iMPACT:1777 - 
   Reading /opt/Xilinx/11.4/ISE/xcfp/data/xcf32p.bsd...

I
N
----------------------------------------------------------------------
----------------------------------------------------------------------
'4': : Manufacturer's ID = Xilinx xcf32p, Version : 15
----------------------------------------------------------------------
----------------------------------------------------------------------
done.
Elapsed time =      1 sec.
Elapsed time =      0 sec.
'5': Loading file 'implementation/download.bit' ...
FO:iMPACT:501 - '1': Added Device xcf32p successfully.
INFO:iMPACT:501 - '1': Added Device xcf32p successfully.

done.
UserID read from the bitstream file = 0xFFFFFFFF.
----------------------------------------------------------------------
I
N
----------------------------------------------------------------------
----------------------------------------------------------------------
Maximum TCK operating frequency for this device chain: 10000000.
Validating chain...
Boundary-scan chain validated successfully.
FO:iMPACT:501 - '5': Added Device xc5vfx70t successfully.

5: Device Temperature: Current Reading:   31.67 C, Min. Reading:   23.80 C, Max.
Reading:   31.67 C
5: VCCINT Supply: Current Reading:   0.996 V, Min. Reading:   0.993 V, Max.
Reading:   1.002 V
5: VCCAUX Supply: Current Reading:   2.479 V, Min. Reading:   2.479 V, Max.
Reading:   2.487 V
'5': Programming device...
 Match_cycle = 2.
done.
 Match_cycle = 2.
'5': Programmed successfully.
Elapsed time =     10 sec.
----------------------------------------------------------------------
----------------------------------------------------------------------
----------------------------------------------------------------------
----------------------------------------------------------------------
----------------------------------------------------------------------
----------------------------------------------------------------------
----------------------------------------------------------------------
----------------------------------------------------------------------
INFO:iMPACT:2219 - Status register values:
INFO:iMPACT - 0011 1111 1011 1110 0000 1011 1000 0000 
INFO:iMPACT:579 - '5': Completed downloading bit file to device.
INFO:iMPACT - '5': Programing completed successfully.
INFO:iMPACT - '5': Checking done pin....done.



Done!

xterm -e xmd -xmp system.xmp -opt etc/xmd_ppc440_0.opt&

xterm -e xmd -xmp system.xmp -opt etc/xmd_ppc440_0.opt&

Writing filter settings....

Done writing filter settings to:
	/home/aalonso/workspace/ppc44x/xlnx/xilinx-ml507/__xps/system.filters

Done writing Tab View settings to:
	/home/aalonso/workspace/ppc44x/xlnx/xilinx-ml507/__xps/system.gui

